<?xml version="1.0" encoding="UTF-8"?>
<!-- Generated by org.testng.reporters.JUnitReportReporter -->
<testsuite hostname="DESKTOP-F0GIQHM" name="parameterAnnotation.Dataproviderclass" tests="2" failures="0" timestamp="8 Oct 2019 19:20:00 GMT" time="23.459" errors="0">
  <testcase name="Test" time="11.879" classname="parameterAnnotation.Dataproviderclass"/>
  <testcase name="Test" time="11.580" classname="parameterAnnotation.Dataproviderclass"/>
</testsuite> <!-- parameterAnnotation.Dataproviderclass -->
