<?xml version="1.0" encoding="UTF-8"?>
<!-- Generated by org.testng.reporters.JUnitReportReporter -->
<testsuite skipped="0" hostname="DESKTOP-F0GIQHM" name="parameterAnnotation.billingandshippingaddress" tests="2" failures="0" timestamp="23 Oct 2019 05:12:39 GMT" time="28.374" errors="0">
  <testcase name="billingAddress" time="13.879" classname="parameterAnnotation.billingandshippingaddress"/>
  <testcase name="shippingAddress" time="14.495" classname="parameterAnnotation.billingandshippingaddress"/>
</testsuite> <!-- parameterAnnotation.billingandshippingaddress -->
